[debug] [2017-10-31T21:42:25.020Z] ----------------------------------------------------------------------
[debug] [2017-10-31T21:42:25.022Z] Command:       C:\Program Files\nodejs\node.exe C:\Users\coopl\AppData\Roaming\npm\node_modules\firebase-tools\bin\firebase serve
[debug] [2017-10-31T21:42:25.022Z] CLI Version:   3.12.0
[debug] [2017-10-31T21:42:25.022Z] Platform:      win32
[debug] [2017-10-31T21:42:25.022Z] Node Version:  v6.11.3
[debug] [2017-10-31T21:42:25.022Z] Time:          Tue Oct 31 2017 14:42:25 GMT-0700 (Pacific Daylight Time)
[debug] [2017-10-31T21:42:25.023Z] ----------------------------------------------------------------------
[debug] 
[debug] [2017-10-31T21:42:25.030Z] > command requires scopes: ["email","openid","https://www.googleapis.com/auth/cloudplatformprojects.readonly","https://www.googleapis.com/auth/firebase","https://www.googleapis.com/auth/cloud-platform"]
[debug] [2017-10-31T21:42:25.031Z] > authorizing via signed-in user
[debug] [2017-10-31T21:42:25.032Z] > refreshing access token with scopes: ["email","https://www.googleapis.com/auth/cloud-platform","https://www.googleapis.com/auth/cloudplatformprojects.readonly","https://www.googleapis.com/auth/firebase","openid"]
[debug] [2017-10-31T21:42:25.032Z] >>> HTTP REQUEST POST https://www.googleapis.com/oauth2/v3/token { refresh_token: '1/-eAHdIbuQFxhHbtdbxP5WhptflfeJkeY2eoqOkP7UEw',
  client_id: '563584335869-fgrhgmd47bqnekij5i8b5pr03ho849e6.apps.googleusercontent.com',
  client_secret: 'j9iVZfS8kkCEFUPaAeJV0sAi',
  grant_type: 'refresh_token',
  scope: 'email https://www.googleapis.com/auth/cloud-platform https://www.googleapis.com/auth/cloudplatformprojects.readonly https://www.googleapis.com/auth/firebase openid' } 
 Tue Oct 31 2017 14:42:25 GMT-0700 (Pacific Daylight Time)
[debug] [2017-10-31T21:42:25.193Z] <<< HTTP RESPONSE 200
[debug] [2017-10-31T21:42:25.197Z] >>> HTTP REQUEST GET https://admin.firebase.com/v1/projects/moov-7f456  
 Tue Oct 31 2017 14:42:25 GMT-0700 (Pacific Daylight Time)
[debug] [2017-10-31T21:42:25.572Z] <<< HTTP RESPONSE 200
[debug] [2017-10-31T21:42:25.572Z] >>> HTTP REQUEST GET https://admin.firebase.com/v1/database/moov-7f456/tokens  
 Tue Oct 31 2017 14:42:25 GMT-0700 (Pacific Daylight Time)
[debug] [2017-10-31T21:42:25.980Z] <<< HTTP RESPONSE 200
[info] 
[info] === Serving from 'C:\Users\coopl\devWork\Moov'...
[info] 
[debug] [2017-10-31T21:42:25.982Z] >>> HTTP REQUEST GET https://cloudresourcemanager.googleapis.com/v1/projects/moov-7f456  
 Tue Oct 31 2017 14:42:25 GMT-0700 (Pacific Daylight Time)
[debug] [2017-10-31T21:42:26.420Z] <<< HTTP RESPONSE 200
[debug] [2017-10-31T21:42:26.421Z] >>> HTTP REQUEST GET https://mobilesdk-pa.googleapis.com/v1/projects/26403369152/clients/_:getWebAppConfig  
 Tue Oct 31 2017 14:42:26 GMT-0700 (Pacific Daylight Time)
[debug] [2017-10-31T21:42:26.936Z] <<< HTTP RESPONSE 200
[info] i  hosting: Serving hosting files from: public
[info] +  hosting: Local server: http://localhost:5000

