[debug] [2017-10-07T20:01:50.508Z] ----------------------------------------------------------------------
[debug] [2017-10-07T20:01:50.511Z] Command:       /usr/bin/node /usr/bin/firebase serve
[debug] [2017-10-07T20:01:50.512Z] CLI Version:   3.12.0
[debug] [2017-10-07T20:01:50.512Z] Platform:      linux
[debug] [2017-10-07T20:01:50.512Z] Node Version:  v6.11.4
[debug] [2017-10-07T20:01:50.512Z] Time:          Sat Oct 07 2017 13:01:50 GMT-0700 (PDT)
[debug] [2017-10-07T20:01:50.512Z] ----------------------------------------------------------------------
[debug] 
[debug] [2017-10-07T20:01:50.526Z] > command requires scopes: ["email","openid","https://www.googleapis.com/auth/cloudplatformprojects.readonly","https://www.googleapis.com/auth/firebase","https://www.googleapis.com/auth/cloud-platform"]
[debug] [2017-10-07T20:01:50.526Z] > authorizing via signed-in user
[debug] [2017-10-07T20:01:50.528Z] > refreshing access token with scopes: ["email","https://www.googleapis.com/auth/cloud-platform","https://www.googleapis.com/auth/cloudplatformprojects.readonly","https://www.googleapis.com/auth/firebase","openid"]
[debug] [2017-10-07T20:01:50.528Z] >>> HTTP REQUEST POST https://www.googleapis.com/oauth2/v3/token { refresh_token: '1/9pw33GdomPcXgQCyA3uVxZ0ULWPJIfxuu6zJ393oiwk',
  client_id: '563584335869-fgrhgmd47bqnekij5i8b5pr03ho849e6.apps.googleusercontent.com',
  client_secret: 'j9iVZfS8kkCEFUPaAeJV0sAi',
  grant_type: 'refresh_token',
  scope: 'email https://www.googleapis.com/auth/cloud-platform https://www.googleapis.com/auth/cloudplatformprojects.readonly https://www.googleapis.com/auth/firebase openid' } 
 Sat Oct 07 2017 13:01:50 GMT-0700 (PDT)
[debug] [2017-10-07T20:01:50.664Z] <<< HTTP RESPONSE 200
[debug] [2017-10-07T20:01:50.673Z] >>> HTTP REQUEST GET https://admin.firebase.com/v1/projects/moov-7f456  
 Sat Oct 07 2017 13:01:50 GMT-0700 (PDT)
[debug] [2017-10-07T20:01:50.978Z] <<< HTTP RESPONSE 200
[debug] [2017-10-07T20:01:50.981Z] >>> HTTP REQUEST GET https://admin.firebase.com/v1/database/moov-7f456/tokens  
 Sat Oct 07 2017 13:01:50 GMT-0700 (PDT)
[debug] [2017-10-07T20:01:51.392Z] <<< HTTP RESPONSE 200
[info] 
[info] === Serving from '/home/farid64/Repository/Moov/assets/javascript'...
[info] 
[debug] [2017-10-07T20:01:51.403Z] >>> HTTP REQUEST GET https://cloudresourcemanager.googleapis.com/v1/projects/moov-7f456  
 Sat Oct 07 2017 13:01:51 GMT-0700 (PDT)
[debug] [2017-10-07T20:01:51.815Z] <<< HTTP RESPONSE 200
[debug] [2017-10-07T20:01:51.817Z] >>> HTTP REQUEST GET https://mobilesdk-pa.googleapis.com/v1/projects/26403369152/clients/_:getWebAppConfig  
 Sat Oct 07 2017 13:01:51 GMT-0700 (PDT)
[debug] [2017-10-07T20:01:52.114Z] <<< HTTP RESPONSE 200
[info] i  hosting: Serving hosting files from: public
[info] ✔  hosting: Local server: http://localhost:5000

