[debug] [2017-10-08T16:42:56.439Z] ----------------------------------------------------------------------
[debug] [2017-10-08T16:42:56.442Z] Command:       /usr/bin/node /usr/bin/firebase serve
[debug] [2017-10-08T16:42:56.443Z] CLI Version:   3.12.0
[debug] [2017-10-08T16:42:56.443Z] Platform:      linux
[debug] [2017-10-08T16:42:56.443Z] Node Version:  v6.11.4
[debug] [2017-10-08T16:42:56.443Z] Time:          Sun Oct 08 2017 09:42:56 GMT-0700 (PDT)
[debug] [2017-10-08T16:42:56.443Z] ----------------------------------------------------------------------
[debug] 
[debug] [2017-10-08T16:42:56.457Z] > command requires scopes: ["email","openid","https://www.googleapis.com/auth/cloudplatformprojects.readonly","https://www.googleapis.com/auth/firebase","https://www.googleapis.com/auth/cloud-platform"]
[debug] [2017-10-08T16:42:56.457Z] > authorizing via signed-in user
[debug] [2017-10-08T16:42:56.459Z] > refreshing access token with scopes: ["email","https://www.googleapis.com/auth/cloud-platform","https://www.googleapis.com/auth/cloudplatformprojects.readonly","https://www.googleapis.com/auth/firebase","openid"]
[debug] [2017-10-08T16:42:56.460Z] >>> HTTP REQUEST POST https://www.googleapis.com/oauth2/v3/token { refresh_token: '1/9pw33GdomPcXgQCyA3uVxZ0ULWPJIfxuu6zJ393oiwk',
  client_id: '563584335869-fgrhgmd47bqnekij5i8b5pr03ho849e6.apps.googleusercontent.com',
  client_secret: 'j9iVZfS8kkCEFUPaAeJV0sAi',
  grant_type: 'refresh_token',
  scope: 'email https://www.googleapis.com/auth/cloud-platform https://www.googleapis.com/auth/cloudplatformprojects.readonly https://www.googleapis.com/auth/firebase openid' } 
 Sun Oct 08 2017 09:42:56 GMT-0700 (PDT)
[debug] [2017-10-08T16:42:56.631Z] <<< HTTP RESPONSE 200
[debug] [2017-10-08T16:42:56.647Z] >>> HTTP REQUEST GET https://admin.firebase.com/v1/projects/moov-7f456  
 Sun Oct 08 2017 09:42:56 GMT-0700 (PDT)
[debug] [2017-10-08T16:42:57.340Z] <<< HTTP RESPONSE 200
[debug] [2017-10-08T16:42:57.342Z] >>> HTTP REQUEST GET https://admin.firebase.com/v1/database/moov-7f456/tokens  
 Sun Oct 08 2017 09:42:57 GMT-0700 (PDT)
[debug] [2017-10-08T16:42:58.657Z] <<< HTTP RESPONSE 200
[info] 
[info] === Serving from '/home/farid64/Repository/Moov/assets/javascript'...
[info] 
[debug] [2017-10-08T16:42:58.667Z] >>> HTTP REQUEST GET https://cloudresourcemanager.googleapis.com/v1/projects/moov-7f456  
 Sun Oct 08 2017 09:42:58 GMT-0700 (PDT)
[debug] [2017-10-08T16:42:59.157Z] <<< HTTP RESPONSE 200
[debug] [2017-10-08T16:42:59.159Z] >>> HTTP REQUEST GET https://mobilesdk-pa.googleapis.com/v1/projects/26403369152/clients/_:getWebAppConfig  
 Sun Oct 08 2017 09:42:59 GMT-0700 (PDT)
[debug] [2017-10-08T16:42:59.708Z] <<< HTTP RESPONSE 200
[info] i  hosting: Serving hosting files from: public
[info] ✔  hosting: Local server: http://localhost:5000

